This is pdfTeX, Version 3.14159265-2.6-1.40.15 (TeX Live 2014) (preloaded format=pdflatex 2014.5.25)  29 SEP 2014 14:35
entering extended mode
 restricted \write18 enabled.
 file:line:error style messages enabled.
 %&-line parsing enabled.
**meeting_plots.tex
(./meeting_plots.tex
LaTeX2e <2014/05/01>
Babel <3.9k> and hyphenation patterns for 78 languages loaded.
(/usr/local/texlive/2014/texmf-dist/tex/latex/base/article.cls
Document Class: article 2007/10/19 v1.4h Standard LaTeX document class
(/usr/local/texlive/2014/texmf-dist/tex/latex/base/size11.clo
File: size11.clo 2007/10/19 v1.4h Standard LaTeX file (size option)
)
\c@part=\count79
\c@section=\count80
\c@subsection=\count81
\c@subsubsection=\count82
\c@paragraph=\count83
\c@subparagraph=\count84
\c@figure=\count85
\c@table=\count86
\abovecaptionskip=\skip41
\belowcaptionskip=\skip42
\bibindent=\dimen102
)
(/usr/local/texlive/2014/texmf-dist/tex/latex/geometry/geometry.sty
Package: geometry 2010/09/12 v5.6 Page Geometry

(/usr/local/texlive/2014/texmf-dist/tex/latex/graphics/keyval.sty
Package: keyval 2014/05/08 v1.15 key=value parser (DPC)
\KV@toks@=\toks14
)
(/usr/local/texlive/2014/texmf-dist/tex/generic/oberdiek/ifpdf.sty
Package: ifpdf 2011/01/30 v2.3 Provides the ifpdf switch (HO)
Package ifpdf Info: pdfTeX in PDF mode is detected.
)
(/usr/local/texlive/2014/texmf-dist/tex/generic/oberdiek/ifvtex.sty
Package: ifvtex 2010/03/01 v1.5 Detect VTeX and its facilities (HO)
Package ifvtex Info: VTeX not detected.
)
(/usr/local/texlive/2014/texmf-dist/tex/generic/ifxetex/ifxetex.sty
Package: ifxetex 2010/09/12 v0.6 Provides ifxetex conditional
)
\Gm@cnth=\count87
\Gm@cntv=\count88
\c@Gm@tempcnt=\count89
\Gm@bindingoffset=\dimen103
\Gm@wd@mp=\dimen104
\Gm@odd@mp=\dimen105
\Gm@even@mp=\dimen106
\Gm@layoutwidth=\dimen107
\Gm@layoutheight=\dimen108
\Gm@layouthoffset=\dimen109
\Gm@layoutvoffset=\dimen110
\Gm@dimlist=\toks15
)
(/usr/local/texlive/2014/texmf-dist/tex/latex/graphics/graphicx.sty
Package: graphicx 2014/04/25 v1.0g Enhanced LaTeX Graphics (DPC,SPQR)

(/usr/local/texlive/2014/texmf-dist/tex/latex/graphics/graphics.sty
Package: graphics 2009/02/05 v1.0o Standard LaTeX Graphics (DPC,SPQR)

(/usr/local/texlive/2014/texmf-dist/tex/latex/graphics/trig.sty
Package: trig 1999/03/16 v1.09 sin cos tan (DPC)
)
(/usr/local/texlive/2014/texmf-dist/tex/latex/latexconfig/graphics.cfg
File: graphics.cfg 2010/04/23 v1.9 graphics configuration of TeX Live
)
Package graphics Info: Driver file: pdftex.def on input line 91.

(/usr/local/texlive/2014/texmf-dist/tex/latex/pdftex-def/pdftex.def
File: pdftex.def 2011/05/27 v0.06d Graphics/color for pdfTeX

(/usr/local/texlive/2014/texmf-dist/tex/generic/oberdiek/infwarerr.sty
Package: infwarerr 2010/04/08 v1.3 Providing info/warning/error messages (HO)
)
(/usr/local/texlive/2014/texmf-dist/tex/generic/oberdiek/ltxcmds.sty
Package: ltxcmds 2011/11/09 v1.22 LaTeX kernel commands for general use (HO)
)
\Gread@gobject=\count90
))
\Gin@req@height=\dimen111
\Gin@req@width=\dimen112
)
(/usr/local/texlive/2014/texmf-dist/tex/latex/amsfonts/amssymb.sty
Package: amssymb 2013/01/14 v3.01 AMS font symbols

(/usr/local/texlive/2014/texmf-dist/tex/latex/amsfonts/amsfonts.sty
Package: amsfonts 2013/01/14 v3.01 Basic AMSFonts support
\@emptytoks=\toks16
\symAMSa=\mathgroup4
\symAMSb=\mathgroup5
LaTeX Font Info:    Overwriting math alphabet `\mathfrak' in version `bold'
(Font)                  U/euf/m/n --> U/euf/b/n on input line 106.
))
(./meeting_plots.aux

LaTeX Warning: Label `fig:example' multiply defined.


LaTeX Warning: Label `fig:example' multiply defined.


LaTeX Warning: Label `fig:example' multiply defined.


LaTeX Warning: Label `fig:example' multiply defined.


LaTeX Warning: Label `fig:example' multiply defined.


LaTeX Warning: Label `fig:example' multiply defined.


LaTeX Warning: Label `fig:example' multiply defined.


LaTeX Warning: Label `fig:example' multiply defined.


LaTeX Warning: Label `fig:example' multiply defined.


LaTeX Warning: Label `fig:example' multiply defined.

)
\openout1 = `meeting_plots.aux'.

LaTeX Font Info:    Checking defaults for OML/cmm/m/it on input line 14.
LaTeX Font Info:    ... okay on input line 14.
LaTeX Font Info:    Checking defaults for T1/cmr/m/n on input line 14.
LaTeX Font Info:    ... okay on input line 14.
LaTeX Font Info:    Checking defaults for OT1/cmr/m/n on input line 14.
LaTeX Font Info:    ... okay on input line 14.
LaTeX Font Info:    Checking defaults for OMS/cmsy/m/n on input line 14.
LaTeX Font Info:    ... okay on input line 14.
LaTeX Font Info:    Checking defaults for OMX/cmex/m/n on input line 14.
LaTeX Font Info:    ... okay on input line 14.
LaTeX Font Info:    Checking defaults for U/cmr/m/n on input line 14.
LaTeX Font Info:    ... okay on input line 14.

*geometry* driver: auto-detecting
*geometry* detected driver: pdftex
*geometry* verbose mode - [ preamble ] result:
* driver: pdftex
* paper: letterpaper
* layout: <same size as paper>
* layoutoffset:(h,v)=(0.0pt,0.0pt)
* modes: 
* h-part:(L,W,R)=(92.14519pt, 430.00462pt, 92.14519pt)
* v-part:(T,H,B)=(95.39737pt, 556.47656pt, 143.09605pt)
* \paperwidth=614.295pt
* \paperheight=794.96999pt
* \textwidth=430.00462pt
* \textheight=556.47656pt
* \oddsidemargin=19.8752pt
* \evensidemargin=19.8752pt
* \topmargin=-13.87262pt
* \headheight=12.0pt
* \headsep=25.0pt
* \topskip=11.0pt
* \footskip=30.0pt
* \marginparwidth=59.0pt
* \marginparsep=10.0pt
* \columnsep=10.0pt
* \skip\footins=10.0pt plus 4.0pt minus 2.0pt
* \hoffset=0.0pt
* \voffset=0.0pt
* \mag=1000
* \@twocolumnfalse
* \@twosidefalse
* \@mparswitchfalse
* \@reversemarginfalse
* (1in=72.27pt=25.4mm, 1cm=28.453pt)

(/usr/local/texlive/2014/texmf-dist/tex/context/base/supp-pdf.mkii
[Loading MPS to PDF converter (version 2006.09.02).]
\scratchcounter=\count91
\scratchdimen=\dimen113
\scratchbox=\box26
\nofMPsegments=\count92
\nofMParguments=\count93
\everyMPshowfont=\toks17
\MPscratchCnt=\count94
\MPscratchDim=\dimen114
\MPnumerator=\count95
\makeMPintoPDFobject=\count96
\everyMPtoPDFconversion=\toks18
) (/usr/local/texlive/2014/texmf-dist/tex/generic/oberdiek/pdftexcmds.sty
Package: pdftexcmds 2011/11/29 v0.20 Utility functions of pdfTeX for LuaTeX (HO
)

(/usr/local/texlive/2014/texmf-dist/tex/generic/oberdiek/ifluatex.sty
Package: ifluatex 2010/03/01 v1.3 Provides the ifluatex switch (HO)
Package ifluatex Info: LuaTeX not detected.
)
Package pdftexcmds Info: LuaTeX not detected.
Package pdftexcmds Info: \pdf@primitive is available.
Package pdftexcmds Info: \pdf@ifprimitive is available.
Package pdftexcmds Info: \pdfdraftmode found.
)
(/usr/local/texlive/2014/texmf-dist/tex/latex/oberdiek/epstopdf-base.sty
Package: epstopdf-base 2010/02/09 v2.5 Base part for package epstopdf

(/usr/local/texlive/2014/texmf-dist/tex/latex/oberdiek/grfext.sty
Package: grfext 2010/08/19 v1.1 Manage graphics extensions (HO)

(/usr/local/texlive/2014/texmf-dist/tex/generic/oberdiek/kvdefinekeys.sty
Package: kvdefinekeys 2011/04/07 v1.3 Define keys (HO)
))
(/usr/local/texlive/2014/texmf-dist/tex/latex/oberdiek/kvoptions.sty
Package: kvoptions 2011/06/30 v3.11 Key value format for package options (HO)

(/usr/local/texlive/2014/texmf-dist/tex/generic/oberdiek/kvsetkeys.sty
Package: kvsetkeys 2012/04/25 v1.16 Key value parser (HO)

(/usr/local/texlive/2014/texmf-dist/tex/generic/oberdiek/etexcmds.sty
Package: etexcmds 2011/02/16 v1.5 Avoid name clashes with e-TeX commands (HO)
Package etexcmds Info: Could not find \expanded.
(etexcmds)             That can mean that you are not using pdfTeX 1.50 or
(etexcmds)             that some package has redefined \expanded.
(etexcmds)             In the latter case, load this package earlier.
)))
Package grfext Info: Graphics extension search list:
(grfext)             [.png,.pdf,.jpg,.mps,.jpeg,.jbig2,.jb2,.PNG,.PDF,.JPG,.JPE
G,.JBIG2,.JB2,.eps]
(grfext)             \AppendGraphicsExtensions on input line 452.

(/usr/local/texlive/2014/texmf-dist/tex/latex/latexconfig/epstopdf-sys.cfg
File: epstopdf-sys.cfg 2010/07/13 v1.3 Configuration of (r)epstopdf for TeX Liv
e
))
LaTeX Font Info:    Try loading font information for U+msa on input line 15.

(/usr/local/texlive/2014/texmf-dist/tex/latex/amsfonts/umsa.fd
File: umsa.fd 2013/01/14 v3.01 AMS symbols A
)
LaTeX Font Info:    Try loading font information for U+msb on input line 15.

(/usr/local/texlive/2014/texmf-dist/tex/latex/amsfonts/umsb.fd
File: umsb.fd 2013/01/14 v3.01 AMS symbols B
)
<LC.pdf, id=1, 578.16pt x 361.35pt>
File: LC.pdf Graphic file (type pdf)
 <use LC.pdf>
Package pdftex.def Info: LC.pdf used on input line 21.
(pdftex.def)             Requested size: 430.00462pt x 268.75119pt.

<allyears_mean.pdf, id=2, 722.7pt x 722.7pt>
File: allyears_mean.pdf Graphic file (type pdf)
 <use allyears_mean.pdf>
Package pdftex.def Info: allyears_mean.pdf used on input line 28.
(pdftex.def)             Requested size: 430.00462pt x 430.00632pt.

<mean_by_LC_facet_year.pdf, id=3, 722.7pt x 433.62pt>
File: mean_by_LC_facet_year.pdf Graphic file (type pdf)

<use mean_by_LC_facet_year.pdf>
Package pdftex.def Info: mean_by_LC_facet_year.pdf used on input line 35.
(pdftex.def)             Requested size: 430.00462pt x 258.0038pt.

<evergreen_alpha.pdf, id=4, 722.7pt x 433.62pt>
File: evergreen_alpha.pdf Graphic file (type pdf)
 <use evergreen_alpha.pdf>
Package pdftex.def Info: evergreen_alpha.pdf used on input line 42.
(pdftex.def)             Requested size: 516.00423pt x 309.60588pt.

Overfull \hbox (85.9996pt too wide) in paragraph at lines 42--43
 [][] 
 []

<LC_hom_Evergreen_Semievergreen.pdf, id=5, 578.16pt x 361.35pt>
File: LC_hom_Evergreen_Semievergreen.pdf Graphic file (type pdf)

<use LC_hom_Evergreen_Semievergreen.pdf>
Package pdftex.def Info: LC_hom_Evergreen_Semievergreen.pdf used on input line 
49.
(pdftex.def)             Requested size: 430.00462pt x 268.75119pt.
 <pcfs.pdf, id=6, 578.16pt x 361.35pt>
File: pcfs.pdf Graphic file (type pdf)

<use pcfs.pdf>
Package pdftex.def Info: pcfs.pdf used on input line 56.
(pdftex.def)             Requested size: 430.00462pt x 268.75119pt.
 <const_vs_pcf1.pdf, id=7, 578.16pt x 361.35pt>
File: const_vs_pcf1.pdf Graphic file (type pdf)

<use const_vs_pcf1.pdf>
Package pdftex.def Info: const_vs_pcf1.pdf used on input line 63.
(pdftex.def)             Requested size: 430.00462pt x 268.75119pt.
 <const_vs_pcf1_density.pdf, id=8, 578.16pt x 361.35pt>
File: const_vs_pcf1_density.pdf Graphic file (type pdf)

<use const_vs_pcf1_density.pdf>
Package pdftex.def Info: const_vs_pcf1_density.pdf used on input line 64.
(pdftex.def)             Requested size: 430.00462pt x 268.75119pt.


LaTeX Warning: Float too large for page by 7.75499pt on input line 67.

<pcf2_vs_pcf1.pdf, id=9, 578.16pt x 361.35pt>
File: pcf2_vs_pcf1.pdf Graphic file (type pdf)
 <use pcf2_vs_pcf1.pdf>
Package pdftex.def Info: pcf2_vs_pcf1.pdf used on input line 71.
(pdftex.def)             Requested size: 430.00462pt x 268.75119pt.

<pcf2_vs_pcf1_density.pdf, id=10, 578.16pt x 361.35pt>
File: pcf2_vs_pcf1_density.pdf Graphic file (type pdf)

<use pcf2_vs_pcf1_density.pdf>
Package pdftex.def Info: pcf2_vs_pcf1_density.pdf used on input line 72.
(pdftex.def)             Requested size: 430.00462pt x 268.75119pt.


LaTeX Warning: Float too large for page by 7.75499pt on input line 75.

<pcf2_vs_pcf3.pdf, id=11, 578.16pt x 361.35pt>
File: pcf2_vs_pcf3.pdf Graphic file (type pdf)
 <use pcf2_vs_pcf3.pdf>
Package pdftex.def Info: pcf2_vs_pcf3.pdf used on input line 79.
(pdftex.def)             Requested size: 430.00462pt x 268.75119pt.

<pcf2_vs_pcf3_density.pdf, id=12, 578.16pt x 361.35pt>
File: pcf2_vs_pcf3_density.pdf Graphic file (type pdf)

<use pcf2_vs_pcf3_density.pdf>
Package pdftex.def Info: pcf2_vs_pcf3_density.pdf used on input line 80.
(pdftex.def)             Requested size: 430.00462pt x 268.75119pt.


LaTeX Warning: Float too large for page by 7.75499pt on input line 83.

<pcf4_vs_pcf2.pdf, id=13, 578.16pt x 361.35pt>
File: pcf4_vs_pcf2.pdf Graphic file (type pdf)
 <use pcf4_vs_pcf2.pdf>
Package pdftex.def Info: pcf4_vs_pcf2.pdf used on input line 87.
(pdftex.def)             Requested size: 430.00462pt x 268.75119pt.

<pcf4_vs_pcf2_density.pdf, id=14, 578.16pt x 361.35pt>
File: pcf4_vs_pcf2_density.pdf Graphic file (type pdf)

<use pcf4_vs_pcf2_density.pdf>
Package pdftex.def Info: pcf4_vs_pcf2_density.pdf used on input line 88.
(pdftex.def)             Requested size: 430.00462pt x 268.75119pt.


LaTeX Warning: Float too large for page by 7.75499pt on input line 91.

<pcf4_vs_pcf3.pdf, id=15, 578.16pt x 361.35pt>
File: pcf4_vs_pcf3.pdf Graphic file (type pdf)
 <use pcf4_vs_pcf3.pdf>
Package pdftex.def Info: pcf4_vs_pcf3.pdf used on input line 95.
(pdftex.def)             Requested size: 430.00462pt x 268.75119pt.

<pcf4_vs_pcf3_density.pdf, id=16, 578.16pt x 361.35pt>
File: pcf4_vs_pcf3_density.pdf Graphic file (type pdf)

<use pcf4_vs_pcf3_density.pdf>
Package pdftex.def Info: pcf4_vs_pcf3_density.pdf used on input line 96.
(pdftex.def)             Requested size: 430.00462pt x 268.75119pt.


LaTeX Warning: Float too large for page by 7.75499pt on input line 99.

[1

{/usr/local/texlive/2014/texmf-var/fonts/map/pdftex/updmap/pdftex.map} <./LC.pd
f>] [2 <./allyears_mean.pdf>] [3 <./mean_by_LC_facet_year.pdf>] [4 <./evergreen
_alpha.pdf>] [5 <./LC_hom_Evergreen_Semievergreen.pdf>] [6 <./pcfs.pdf>]
[7 <./const_vs_pcf1.pdf> <./const_vs_pcf1_density.pdf>] [8 <./pcf2_vs_pcf1.pdf>
 <./pcf2_vs_pcf1_density.pdf>] [9 <./pcf2_vs_pcf3.pdf> <./pcf2_vs_pcf3_density.
pdf>] [10 <./pcf4_vs_pcf2.pdf> <./pcf4_vs_pcf2_density.pdf>] [11 <./pcf4_vs_pcf
3.pdf> <./pcf4_vs_pcf3_density.pdf>] (./meeting_plots.aux)

LaTeX Warning: There were multiply-defined labels.

 ) 
Here is how much of TeX's memory you used:
 2331 strings out of 493117
 33566 string characters out of 6135433
 94501 words of memory out of 5000000
 5763 multiletter control sequences out of 15000+600000
 8884 words of font info for 34 fonts, out of 8000000 for 9000
 1141 hyphenation exceptions out of 8191
 37i,6n,26p,245b,214s stack positions out of 5000i,500n,10000p,200000b,80000s
</usr/local/texlive/2014/texmf-dist/fonts/type1/public/amsfonts/cm/cmr10.pfb>
</usr/local/texlive/2014/texmf-dist/fonts/type1/public/amsfonts/cm/cmr12.pfb></
usr/local/texlive/2014/texmf-dist/fonts/type1/public/amsfonts/cm/cmr17.pfb>
Output written on meeting_plots.pdf (11 pages, 348508 bytes).
PDF statistics:
 235 PDF objects out of 1000 (max. 8388607)
 185 compressed objects within 2 object streams
 0 named destinations out of 1000 (max. 500000)
 81 words of extra memory for PDF output out of 10000 (max. 10000000)

